\BOOKMARK [0][-]{chapter.1}{Introduction}{}% 1
\BOOKMARK [0][-]{chapter.2}{Preliminaries}{}% 2
\BOOKMARK [1][-]{section.2.1}{Graph Theory Terminology}{chapter.2}% 3
\BOOKMARK [1][-]{section.2.2}{Graphical Model Terminology}{chapter.2}% 4
\BOOKMARK [0][-]{chapter.3}{LCD Algorithm}{}% 5
\BOOKMARK [1][-]{section.3.1}{Decomposition of chain graphs}{chapter.3}% 6
\BOOKMARK [2][-]{subsection.3.1.1}{Separation Trees}{section.3.1}% 7
\BOOKMARK [2][-]{subsection.3.1.2}{Construction of Separation Trees}{section.3.1}% 8
\BOOKMARK [2][-]{subsection.3.1.3}{Separation Tree Lemmas}{section.3.1}% 9
\BOOKMARK [1][-]{section.3.2}{Algorithm}{chapter.3}% 10
\BOOKMARK [2][-]{subsection.3.2.1}{Mathematical basis}{section.3.2}% 11
\BOOKMARK [2][-]{subsection.3.2.2}{Skeleton recovery}{section.3.2}% 12
\BOOKMARK [2][-]{subsection.3.2.3}{Complex recovery}{section.3.2}% 13
\BOOKMARK [2][-]{subsection.3.2.4}{Algorithm complexity}{section.3.2}% 14
\BOOKMARK [0][-]{chapter.4}{Implementation}{}% 15
\BOOKMARK [1][-]{section.4.1}{Package Functionality}{chapter.4}% 16
\BOOKMARK [2][-]{subsection.4.1.1}{cglearnLCD}{section.4.1}% 17
\BOOKMARK [2][-]{subsection.4.1.2}{calcCondIndepend}{section.4.1}% 18
\BOOKMARK [1][-]{section.4.2}{Package Installation}{chapter.4}% 19
\BOOKMARK [0][-]{chapter.5}{Results}{}% 20
\BOOKMARK [0][-]{chapter.6}{Summary}{}% 21
\BOOKMARK [0][-]{chapter*.4}{Bibliography}{}% 22
